<?xml version="1.0" encoding="UTF-8" ?>
<testsuite failures="0" time="1.379" errors="0" skipped="0" tests="1" name="web.controllers.HelloControllerTest">
  <properties>
    <property name="java.runtime.name" value="Java(TM) SE Runtime Environment"/>
    <property name="sun.boot.library.path" value="/System/Library/Java/JavaVirtualMachines/1.6.0.jdk/Contents/Libraries"/>
    <property name="java.vm.version" value="20.1-b02-384"/>
    <property name="awt.nativeDoubleBuffering" value="true"/>
    <property name="gopherProxySet" value="false"/>
    <property name="mrj.build" value="10M3425"/>
    <property name="java.vm.vendor" value="Apple Inc."/>
    <property name="java.vendor.url" value="http://www.apple.com/"/>
    <property name="path.separator" value=":"/>
    <property name="java.vm.name" value="Java HotSpot(TM) 64-Bit Server VM"/>
    <property name="file.encoding.pkg" value="sun.io"/>
    <property name="user.country" value="US"/>
    <property name="sun.java.launcher" value="SUN_STANDARD"/>
    <property name="sun.os.patch.level" value="unknown"/>
    <property name="java.vm.specification.name" value="Java Virtual Machine Specification"/>
    <property name="user.dir" value="/Users/liellis/dev/workspace/simple-spring-page"/>
    <property name="java.runtime.version" value="1.6.0_26-b03-384-10M3425"/>
    <property name="java.awt.graphicsenv" value="apple.awt.CGraphicsEnvironment"/>
    <property name="basedir" value="/Users/liellis/dev/workspace/simple-spring-page"/>
    <property name="java.endorsed.dirs" value="/System/Library/Java/JavaVirtualMachines/1.6.0.jdk/Contents/Home/lib/endorsed"/>
    <property name="os.arch" value="x86_64"/>
    <property name="surefire.real.class.path" value="/Users/liellis/dev/workspace/simple-spring-page/target/surefire/surefirebooter3466777044694402433.jar"/>
    <property name="java.io.tmpdir" value="/var/folders/qF/qFfUQ8SKFAmNrti8PpvmCU+++TI/-Tmp-/"/>
    <property name="line.separator" value="
"/>
    <property name="java.vm.specification.vendor" value="Sun Microsystems Inc."/>
    <property name="os.name" value="Mac OS X"/>
    <property name="sun.jnu.encoding" value="MacRoman"/>
    <property name="java.library.path" value=".:/Library/Java/Extensions:/System/Library/Java/Extensions:/usr/lib/java"/>
    <property name="surefire.test.class.path" value="/Users/liellis/dev/workspace/simple-spring-page/target/test-classes:/Users/liellis/dev/workspace/simple-spring-page/target/WEB-INF/classes:/Users/liellis/.m2/repository/org/springframework/spring/2.5.2/spring-2.5.2.jar:/Users/liellis/.m2/repository/commons-logging/commons-logging/1.1.1/commons-logging-1.1.1.jar:/Users/liellis/.m2/repository/org/springframework/spring-web/2.5.2/spring-web-2.5.2.jar:/Users/liellis/.m2/repository/org/springframework/spring-beans/2.5.2/spring-beans-2.5.2.jar:/Users/liellis/.m2/repository/org/springframework/spring-context/2.5.2/spring-context-2.5.2.jar:/Users/liellis/.m2/repository/aopalliance/aopalliance/1.0/aopalliance-1.0.jar:/Users/liellis/.m2/repository/org/springframework/spring-core/2.5.2/spring-core-2.5.2.jar:/Users/liellis/.m2/repository/org/springframework/spring-webmvc/2.5.2/spring-webmvc-2.5.2.jar:/Users/liellis/.m2/repository/org/springframework/spring-context-support/2.5.2/spring-context-support-2.5.2.jar:/Users/liellis/.m2/repository/org/springmodules/spring-modules-jakarta-commons/0.8a/spring-modules-jakarta-commons-0.8a.jar:/Users/liellis/.m2/repository/log4j/log4j/1.2.13/log4j-1.2.13.jar:/Users/liellis/.m2/repository/commons-lang/commons-lang/2.1/commons-lang-2.1.jar:/Users/liellis/.m2/repository/commons-validator/commons-validator/1.1.4/commons-validator-1.1.4.jar:/Users/liellis/.m2/repository/commons-configuration/commons-configuration/1.3/commons-configuration-1.3.jar:/Users/liellis/.m2/repository/commons-collections/commons-collections/3.1/commons-collections-3.1.jar:/Users/liellis/.m2/repository/commons-logging/commons-logging-api/1.0.4/commons-logging-api-1.0.4.jar:/Users/liellis/.m2/repository/commons-digester/commons-digester/1.6/commons-digester-1.6.jar:/Users/liellis/.m2/repository/commons-beanutils/commons-beanutils-core/1.7.0/commons-beanutils-core-1.7.0.jar:/Users/liellis/.m2/repository/commons-codec/commons-codec/1.3/commons-codec-1.3.jar:/Users/liellis/.m2/repository/commons-jxpath/commons-jxpath/1.2/commons-jxpath-1.2.jar:/Users/liellis/.m2/repository/ant/ant-optional/1.5.1/ant-optional-1.5.1.jar:/Users/liellis/.m2/repository/jdom/jdom/b9/jdom-b9.jar:/Users/liellis/.m2/repository/xerces/xercesImpl/2.2.1/xercesImpl-2.2.1.jar:/Users/liellis/.m2/repository/xalan/xalan/2.7.0/xalan-2.7.0.jar:/Users/liellis/.m2/repository/commons-chain/commons-chain/1.1/commons-chain-1.1.jar:/Users/liellis/.m2/repository/javax/portlet/portlet-api/1.0/portlet-api-1.0.jar:/Users/liellis/.m2/repository/myfaces/myfaces-api/1.1.0/myfaces-api-1.1.0.jar:/Users/liellis/.m2/repository/commons-el/commons-el/1.0/commons-el-1.0.jar:/Users/liellis/.m2/repository/commons-fileupload/commons-fileupload/1.0/commons-fileupload-1.0.jar:/Users/liellis/.m2/repository/oro/oro/2.0.8/oro-2.0.8.jar:/Users/liellis/.m2/repository/commons-beanutils/commons-beanutils/1.7.0/commons-beanutils-1.7.0.jar:/Users/liellis/.m2/repository/org/springframework/spring-support/2.0.3/spring-support-2.0.3.jar:/Users/liellis/.m2/repository/javax/servlet/servlet-api/2.5/servlet-api-2.5.jar:/Users/liellis/.m2/repository/junit/junit/3.8.2/junit-3.8.2.jar:/Users/liellis/.m2/repository/javax/servlet/jstl/1.1.2/jstl-1.1.2.jar:/Users/liellis/.m2/repository/maven/maven-j2ee-plugin/1.5.1/maven-j2ee-plugin-1.5.1.jar:/Users/liellis/.m2/repository/commons-jelly/commons-jelly-tags-log/20030211.142821/commons-jelly-tags-log-20030211.142821.jar:/Users/liellis/.m2/repository/dom4j/dom4j/1.4-dev-8/dom4j-1.4-dev-8.jar:/Users/liellis/.m2/repository/jaxen/jaxen/1.0-FCS/jaxen-1.0-FCS.jar:/Users/liellis/.m2/repository/saxpath/saxpath/1.0-FCS/saxpath-1.0-FCS.jar:/Users/liellis/.m2/repository/msv/msv/20020414/msv-20020414.jar:/Users/liellis/.m2/repository/relaxngDatatype/relaxngDatatype/20020414/relaxngDatatype-20020414.jar:/Users/liellis/.m2/repository/isorelax/isorelax/20020414/isorelax-20020414.jar:/Users/liellis/.m2/repository/xml-apis/xml-apis/1.0.b2/xml-apis-1.0.b2.jar:/Users/liellis/.m2/repository/taglibs/standard/1.1.2/standard-1.1.2.jar:"/>
    <property name="java.specification.name" value="Java Platform API Specification"/>
    <property name="java.class.version" value="50.0"/>
    <property name="sun.management.compiler" value="HotSpot 64-Bit Tiered Compilers"/>
    <property name="os.version" value="10.6.8"/>
    <property name="http.nonProxyHosts" value="local|*.local|169.254/16|*.169.254/16"/>
    <property name="user.home" value="/Users/liellis"/>
    <property name="user.timezone" value="America/Bogota"/>
    <property name="java.awt.printerjob" value="apple.awt.CPrinterJob"/>
    <property name="java.specification.version" value="1.6"/>
    <property name="file.encoding" value="MacRoman"/>
    <property name="user.name" value="liellis"/>
    <property name="java.class.path" value="/Users/liellis/dev/workspace/simple-spring-page/target/test-classes:/Users/liellis/dev/workspace/simple-spring-page/target/WEB-INF/classes:/Users/liellis/.m2/repository/org/springframework/spring/2.5.2/spring-2.5.2.jar:/Users/liellis/.m2/repository/commons-logging/commons-logging/1.1.1/commons-logging-1.1.1.jar:/Users/liellis/.m2/repository/org/springframework/spring-web/2.5.2/spring-web-2.5.2.jar:/Users/liellis/.m2/repository/org/springframework/spring-beans/2.5.2/spring-beans-2.5.2.jar:/Users/liellis/.m2/repository/org/springframework/spring-context/2.5.2/spring-context-2.5.2.jar:/Users/liellis/.m2/repository/aopalliance/aopalliance/1.0/aopalliance-1.0.jar:/Users/liellis/.m2/repository/org/springframework/spring-core/2.5.2/spring-core-2.5.2.jar:/Users/liellis/.m2/repository/org/springframework/spring-webmvc/2.5.2/spring-webmvc-2.5.2.jar:/Users/liellis/.m2/repository/org/springframework/spring-context-support/2.5.2/spring-context-support-2.5.2.jar:/Users/liellis/.m2/repository/org/springmodules/spring-modules-jakarta-commons/0.8a/spring-modules-jakarta-commons-0.8a.jar:/Users/liellis/.m2/repository/log4j/log4j/1.2.13/log4j-1.2.13.jar:/Users/liellis/.m2/repository/commons-lang/commons-lang/2.1/commons-lang-2.1.jar:/Users/liellis/.m2/repository/commons-validator/commons-validator/1.1.4/commons-validator-1.1.4.jar:/Users/liellis/.m2/repository/commons-configuration/commons-configuration/1.3/commons-configuration-1.3.jar:/Users/liellis/.m2/repository/commons-collections/commons-collections/3.1/commons-collections-3.1.jar:/Users/liellis/.m2/repository/commons-logging/commons-logging-api/1.0.4/commons-logging-api-1.0.4.jar:/Users/liellis/.m2/repository/commons-digester/commons-digester/1.6/commons-digester-1.6.jar:/Users/liellis/.m2/repository/commons-beanutils/commons-beanutils-core/1.7.0/commons-beanutils-core-1.7.0.jar:/Users/liellis/.m2/repository/commons-codec/commons-codec/1.3/commons-codec-1.3.jar:/Users/liellis/.m2/repository/commons-jxpath/commons-jxpath/1.2/commons-jxpath-1.2.jar:/Users/liellis/.m2/repository/ant/ant-optional/1.5.1/ant-optional-1.5.1.jar:/Users/liellis/.m2/repository/jdom/jdom/b9/jdom-b9.jar:/Users/liellis/.m2/repository/xerces/xercesImpl/2.2.1/xercesImpl-2.2.1.jar:/Users/liellis/.m2/repository/xalan/xalan/2.7.0/xalan-2.7.0.jar:/Users/liellis/.m2/repository/commons-chain/commons-chain/1.1/commons-chain-1.1.jar:/Users/liellis/.m2/repository/javax/portlet/portlet-api/1.0/portlet-api-1.0.jar:/Users/liellis/.m2/repository/myfaces/myfaces-api/1.1.0/myfaces-api-1.1.0.jar:/Users/liellis/.m2/repository/commons-el/commons-el/1.0/commons-el-1.0.jar:/Users/liellis/.m2/repository/commons-fileupload/commons-fileupload/1.0/commons-fileupload-1.0.jar:/Users/liellis/.m2/repository/oro/oro/2.0.8/oro-2.0.8.jar:/Users/liellis/.m2/repository/commons-beanutils/commons-beanutils/1.7.0/commons-beanutils-1.7.0.jar:/Users/liellis/.m2/repository/org/springframework/spring-support/2.0.3/spring-support-2.0.3.jar:/Users/liellis/.m2/repository/javax/servlet/servlet-api/2.5/servlet-api-2.5.jar:/Users/liellis/.m2/repository/junit/junit/3.8.2/junit-3.8.2.jar:/Users/liellis/.m2/repository/javax/servlet/jstl/1.1.2/jstl-1.1.2.jar:/Users/liellis/.m2/repository/maven/maven-j2ee-plugin/1.5.1/maven-j2ee-plugin-1.5.1.jar:/Users/liellis/.m2/repository/commons-jelly/commons-jelly-tags-log/20030211.142821/commons-jelly-tags-log-20030211.142821.jar:/Users/liellis/.m2/repository/dom4j/dom4j/1.4-dev-8/dom4j-1.4-dev-8.jar:/Users/liellis/.m2/repository/jaxen/jaxen/1.0-FCS/jaxen-1.0-FCS.jar:/Users/liellis/.m2/repository/saxpath/saxpath/1.0-FCS/saxpath-1.0-FCS.jar:/Users/liellis/.m2/repository/msv/msv/20020414/msv-20020414.jar:/Users/liellis/.m2/repository/relaxngDatatype/relaxngDatatype/20020414/relaxngDatatype-20020414.jar:/Users/liellis/.m2/repository/isorelax/isorelax/20020414/isorelax-20020414.jar:/Users/liellis/.m2/repository/xml-apis/xml-apis/1.0.b2/xml-apis-1.0.b2.jar:/Users/liellis/.m2/repository/taglibs/standard/1.1.2/standard-1.1.2.jar:"/>
    <property name="java.vm.specification.version" value="1.0"/>
    <property name="sun.arch.data.model" value="64"/>
    <property name="java.home" value="/System/Library/Java/JavaVirtualMachines/1.6.0.jdk/Contents/Home"/>
    <property name="sun.java.command" value="/Users/liellis/dev/workspace/simple-spring-page/target/surefire/surefirebooter3466777044694402433.jar /Users/liellis/dev/workspace/simple-spring-page/target/surefire/surefire1746307638140408517tmp /Users/liellis/dev/workspace/simple-spring-page/target/surefire/surefire7285202706273909086tmp"/>
    <property name="java.specification.vendor" value="Sun Microsystems Inc."/>
    <property name="user.language" value="en"/>
    <property name="awt.toolkit" value="apple.awt.CToolkit"/>
    <property name="java.vm.info" value="mixed mode"/>
    <property name="java.version" value="1.6.0_26"/>
    <property name="java.ext.dirs" value="/Library/Java/Extensions:/System/Library/Java/Extensions:/System/Library/Java/JavaVirtualMachines/1.6.0.jdk/Contents/Home/lib/ext"/>
    <property name="sun.boot.class.path" value="/System/Library/Java/JavaVirtualMachines/1.6.0.jdk/Contents/Classes/jsfd.jar:/System/Library/Java/JavaVirtualMachines/1.6.0.jdk/Contents/Classes/classes.jar:/System/Library/Frameworks/JavaVM.framework/Frameworks/JavaRuntimeSupport.framework/Resources/Java/JavaRuntimeSupport.jar:/System/Library/Java/JavaVirtualMachines/1.6.0.jdk/Contents/Classes/ui.jar:/System/Library/Java/JavaVirtualMachines/1.6.0.jdk/Contents/Classes/laf.jar:/System/Library/Java/JavaVirtualMachines/1.6.0.jdk/Contents/Classes/sunrsasign.jar:/System/Library/Java/JavaVirtualMachines/1.6.0.jdk/Contents/Classes/jsse.jar:/System/Library/Java/JavaVirtualMachines/1.6.0.jdk/Contents/Classes/jce.jar:/System/Library/Java/JavaVirtualMachines/1.6.0.jdk/Contents/Classes/charsets.jar"/>
    <property name="java.vendor" value="Apple Inc."/>
    <property name="localRepository" value="/Users/liellis/.m2/repository"/>
    <property name="file.separator" value="/"/>
    <property name="java.vendor.url.bug" value="http://bugreport.apple.com/"/>
    <property name="sun.cpu.endian" value="little"/>
    <property name="sun.io.unicode.encoding" value="UnicodeLittle"/>
    <property name="mrj.version" value="1060.1.6.0_26-384"/>
    <property name="socksNonProxyHosts" value="local|*.local|169.254/16|*.169.254/16"/>
    <property name="ftp.nonProxyHosts" value="local|*.local|169.254/16|*.169.254/16"/>
    <property name="sun.cpu.isalist" value=""/>
  </properties>
  <testcase time="1.324" classname="web.controllers.HelloControllerTest" name="testHandleRequestView"/>
</testsuite>